<?xml version="1.0" encoding="UTF-8"?>
<!-- Generated by org.testng.reporters.JUnitReportReporter -->
<testsuite hostname="ManishG-L-W10" failures="0" tests="1" name="pageObjectModel.testCases" time="11.845" errors="0" timestamp="2020-05-11T02:32:22 IST" skipped="0">
  <testcase classname="pageObjectModel.testCases" name="verifyLogin" time="11.845"/>
  <system-out/>
</testsuite> <!-- pageObjectModel.testCases -->
